  laba5.cpp
D:\laba5\laba5\laba5\laba5.cpp(9,12): warning C4244:  'argument': conversion from 'time_t' to 'unsigned int', possible loss of data
D:\laba5\laba5\laba5\laba5.cpp(16,10): warning C4566:  character represented by universal-character-name '\u0412' cannot be represented in the current code page (1252)
D:\laba5\laba5\laba5\laba5.cpp(16,10): warning C4566:  character represented by universal-character-name '\u0432' cannot be represented in the current code page (1252)
D:\laba5\laba5\laba5\laba5.cpp(16,10): warning C4566:  character represented by universal-character-name '\u0435' cannot be represented in the current code page (1252)
D:\laba5\laba5\laba5\laba5.cpp(16,10): warning C4566:  character represented by universal-character-name '\u0434' cannot be represented in the current code page (1252)
D:\laba5\laba5\laba5\laba5.cpp(16,10): warning C4566:  character represented by universal-character-name '\u0438' cannot be represented in the current code page (1252)
D:\laba5\laba5\laba5\laba5.cpp(16,10): warning C4566:  character represented by universal-character-name '\u0442' cannot be represented in the current code page (1252)
D:\laba5\laba5\laba5\laba5.cpp(16,10): warning C4566:  character represented by universal-character-name '\u043A' cannot be represented in the current code page (1252)
D:\laba5\laba5\laba5\laba5.cpp(16,10): warning C4566:  character represented by universal-character-name '\u043E' cannot be represented in the current code page (1252)
D:\laba5\laba5\laba5\laba5.cpp(16,10): warning C4566:  character represented by universal-character-name '\u043B' cannot be represented in the current code page (1252)
D:\laba5\laba5\laba5\laba5.cpp(16,10): warning C4566:  character represented by universal-character-name '\u0447' cannot be represented in the current code page (1252)
D:\laba5\laba5\laba5\laba5.cpp(16,10): warning C4566:  character represented by universal-character-name '\u0441' cannot be represented in the current code page (1252)
D:\laba5\laba5\laba5\laba5.cpp(16,10): warning C4566:  character represented by universal-character-name '\u044D' cannot be represented in the current code page (1252)
D:\laba5\laba5\laba5\laba5.cpp(16,10): warning C4566:  character represented by universal-character-name '\u043C' cannot be represented in the current code page (1252)
D:\laba5\laba5\laba5\laba5.cpp(16,10): warning C4566:  character represented by universal-character-name '\u043D' cannot be represented in the current code page (1252)
D:\laba5\laba5\laba5\laba5.cpp(16,10): warning C4566:  character represented by universal-character-name '\u0430' cannot be represented in the current code page (1252)
D:\laba5\laba5\laba5\laba5.cpp(19,10): warning C4566:  character represented by universal-character-name '\u0412' cannot be represented in the current code page (1252)
D:\laba5\laba5\laba5\laba5.cpp(19,10): warning C4566:  character represented by universal-character-name '\u044B' cannot be represented in the current code page (1252)
D:\laba5\laba5\laba5\laba5.cpp(19,10): warning C4566:  character represented by universal-character-name '\u0445' cannot be represented in the current code page (1252)
D:\laba5\laba5\laba5\laba5.cpp(19,10): warning C4566:  character represented by universal-character-name '\u043E' cannot be represented in the current code page (1252)
D:\laba5\laba5\laba5\laba5.cpp(19,10): warning C4566:  character represented by universal-character-name '\u0442' cannot be represented in the current code page (1252)
D:\laba5\laba5\laba5\laba5.cpp(19,10): warning C4566:  character represented by universal-character-name '\u0438' cannot be represented in the current code page (1252)
D:\laba5\laba5\laba5\laba5.cpp(19,10): warning C4566:  character represented by universal-character-name '\u0435' cannot be represented in the current code page (1252)
D:\laba5\laba5\laba5\laba5.cpp(19,10): warning C4566:  character represented by universal-character-name '\u0432' cannot be represented in the current code page (1252)
D:\laba5\laba5\laba5\laba5.cpp(19,10): warning C4566:  character represented by universal-character-name '\u0441' cannot be represented in the current code page (1252)
D:\laba5\laba5\laba5\laba5.cpp(19,10): warning C4566:  character represented by universal-character-name '\u043A' cannot be represented in the current code page (1252)
D:\laba5\laba5\laba5\laba5.cpp(19,10): warning C4566:  character represented by universal-character-name '\u043B' cannot be represented in the current code page (1252)
D:\laba5\laba5\laba5\laba5.cpp(19,10): warning C4566:  character represented by universal-character-name '\u0447' cannot be represented in the current code page (1252)
D:\laba5\laba5\laba5\laba5.cpp(19,10): warning C4566:  character represented by universal-character-name '\u044D' cannot be represented in the current code page (1252)
D:\laba5\laba5\laba5\laba5.cpp(19,10): warning C4566:  character represented by universal-character-name '\u043C' cannot be represented in the current code page (1252)
D:\laba5\laba5\laba5\laba5.cpp(19,10): warning C4566:  character represented by universal-character-name '\u043D' cannot be represented in the current code page (1252)
D:\laba5\laba5\laba5\laba5.cpp(19,10): warning C4566:  character represented by universal-character-name '\u0430' cannot be represented in the current code page (1252)
D:\laba5\laba5\laba5\laba5.cpp(19,10): warning C4566:  character represented by universal-character-name '\u0443' cannot be represented in the current code page (1252)
D:\laba5\laba5\laba5\laba5.cpp(19,10): warning C4566:  character represented by universal-character-name '\u0440' cannot be represented in the current code page (1252)
D:\laba5\laba5\laba5\laba5.cpp(19,10): warning C4566:  character represented by universal-character-name '\u043F' cannot be represented in the current code page (1252)
D:\laba5\laba5\laba5\laba5.cpp(19,10): warning C4566:  character represented by universal-character-name '\u044C' cannot be represented in the current code page (1252)
D:\laba5\laba5\laba5\laba5.cpp(19,10): warning C4566:  character represented by universal-character-name '\u0437' cannot be represented in the current code page (1252)
D:\laba5\laba5\laba5\laba5.cpp(19,10): warning C4566:  character represented by universal-character-name '\u0433' cannot be represented in the current code page (1252)
D:\laba5\laba5\laba5\laba5.cpp(19,10): warning C4566:  character represented by universal-character-name '\u0439' cannot be represented in the current code page (1252)
D:\laba5\laba5\laba5\laba5.cpp(20,3): warning C4566:  character represented by universal-character-name '\u0414' cannot be represented in the current code page (1252)
D:\laba5\laba5\laba5\laba5.cpp(20,3): warning C4566:  character represented by universal-character-name '\u043E' cannot be represented in the current code page (1252)
D:\laba5\laba5\laba5\laba5.cpp(20,3): warning C4566:  character represented by universal-character-name '\u0432' cannot be represented in the current code page (1252)
D:\laba5\laba5\laba5\laba5.cpp(20,3): warning C4566:  character represented by universal-character-name '\u0435' cannot be represented in the current code page (1252)
D:\laba5\laba5\laba5\laba5.cpp(20,3): warning C4566:  character represented by universal-character-name '\u0440' cannot be represented in the current code page (1252)
D:\laba5\laba5\laba5\laba5.cpp(20,3): warning C4566:  character represented by universal-character-name '\u0438' cannot be represented in the current code page (1252)
D:\laba5\laba5\laba5\laba5.cpp(20,3): warning C4566:  character represented by universal-character-name '\u0442' cannot be represented in the current code page (1252)
D:\laba5\laba5\laba5\laba5.cpp(20,3): warning C4566:  character represented by universal-character-name '\u044C' cannot be represented in the current code page (1252)
D:\laba5\laba5\laba5\laba5.cpp(20,3): warning C4566:  character represented by universal-character-name '\u0441' cannot be represented in the current code page (1252)
D:\laba5\laba5\laba5\laba5.cpp(20,3): warning C4566:  character represented by universal-character-name '\u044F' cannot be represented in the current code page (1252)
D:\laba5\laba5\laba5\laba5.cpp(20,3): warning C4566:  character represented by universal-character-name '\u0443' cannot be represented in the current code page (1252)
D:\laba5\laba5\laba5\laba5.cpp(20,3): warning C4566:  character represented by universal-character-name '\u0434' cannot be represented in the current code page (1252)
D:\laba5\laba5\laba5\laba5.cpp(20,3): warning C4566:  character represented by universal-character-name '\u0431' cannot be represented in the current code page (1252)
D:\laba5\laba5\laba5\laba5.cpp(21,3): warning C4566:  character represented by universal-character-name '\u0412' cannot be represented in the current code page (1252)
D:\laba5\laba5\laba5\laba5.cpp(21,3): warning C4566:  character represented by universal-character-name '\u0432' cannot be represented in the current code page (1252)
D:\laba5\laba5\laba5\laba5.cpp(21,3): warning C4566:  character represented by universal-character-name '\u0435' cannot be represented in the current code page (1252)
D:\laba5\laba5\laba5\laba5.cpp(21,3): warning C4566:  character represented by universal-character-name '\u0441' cannot be represented in the current code page (1252)
D:\laba5\laba5\laba5\laba5.cpp(21,3): warning C4566:  character represented by universal-character-name '\u0442' cannot be represented in the current code page (1252)
D:\laba5\laba5\laba5\laba5.cpp(21,3): warning C4566:  character represented by universal-character-name '\u0438' cannot be represented in the current code page (1252)
D:\laba5\laba5\laba5\laba5.cpp(21,3): warning C4566:  character represented by universal-character-name '\u0430' cannot be represented in the current code page (1252)
D:\laba5\laba5\laba5\laba5.cpp(21,3): warning C4566:  character represented by universal-character-name '\u043C' cannot be represented in the current code page (1252)
D:\laba5\laba5\laba5\laba5.cpp(21,3): warning C4566:  character represented by universal-character-name '\u043E' cannot be represented in the current code page (1252)
D:\laba5\laba5\laba5\laba5.cpp(21,3): warning C4566:  character represented by universal-character-name '\u0443' cannot be represented in the current code page (1252)
D:\laba5\laba5\laba5\laba5.cpp(28,11): warning C4566:  character represented by universal-character-name '\u0412' cannot be represented in the current code page (1252)
D:\laba5\laba5\laba5\laba5.cpp(28,11): warning C4566:  character represented by universal-character-name '\u0430' cannot be represented in the current code page (1252)
D:\laba5\laba5\laba5\laba5.cpp(28,11): warning C4566:  character represented by universal-character-name '\u0448' cannot be represented in the current code page (1252)
D:\laba5\laba5\laba5\laba5.cpp(28,11): warning C4566:  character represented by universal-character-name '\u043C' cannot be represented in the current code page (1252)
D:\laba5\laba5\laba5\laba5.cpp(28,11): warning C4566:  character represented by universal-character-name '\u0441' cannot be represented in the current code page (1252)
D:\laba5\laba5\laba5\laba5.cpp(28,11): warning C4566:  character represented by universal-character-name '\u0438' cannot be represented in the current code page (1252)
D:\laba5\laba5\laba5\laba5.cpp(28,11): warning C4566:  character represented by universal-character-name '\u0432' cannot be represented in the current code page (1252)
D:\laba5\laba5\laba5\laba5.cpp(28,11): warning C4566:  character represented by universal-character-name '\u0433' cannot be represented in the current code page (1252)
D:\laba5\laba5\laba5\laba5.cpp(28,11): warning C4566:  character represented by universal-character-name '\u0435' cannot be represented in the current code page (1252)
D:\laba5\laba5\laba5\laba5.cpp(28,11): warning C4566:  character represented by universal-character-name '\u043D' cannot be represented in the current code page (1252)
D:\laba5\laba5\laba5\laba5.cpp(28,11): warning C4566:  character represented by universal-character-name '\u0440' cannot be represented in the current code page (1252)
D:\laba5\laba5\laba5\laba5.cpp(28,11): warning C4566:  character represented by universal-character-name '\u043E' cannot be represented in the current code page (1252)
D:\laba5\laba5\laba5\laba5.cpp(64,12): warning C4566:  character represented by universal-character-name '\u041D' cannot be represented in the current code page (1252)
D:\laba5\laba5\laba5\laba5.cpp(64,12): warning C4566:  character represented by universal-character-name '\u0430' cannot be represented in the current code page (1252)
D:\laba5\laba5\laba5\laba5.cpp(64,12): warning C4566:  character represented by universal-character-name '\u0438' cannot be represented in the current code page (1252)
D:\laba5\laba5\laba5\laba5.cpp(64,12): warning C4566:  character represented by universal-character-name '\u0431' cannot be represented in the current code page (1252)
D:\laba5\laba5\laba5\laba5.cpp(64,12): warning C4566:  character represented by universal-character-name '\u043E' cannot be represented in the current code page (1252)
D:\laba5\laba5\laba5\laba5.cpp(64,12): warning C4566:  character represented by universal-character-name '\u043B' cannot be represented in the current code page (1252)
D:\laba5\laba5\laba5\laba5.cpp(64,12): warning C4566:  character represented by universal-character-name '\u044C' cannot be represented in the current code page (1252)
D:\laba5\laba5\laba5\laba5.cpp(64,12): warning C4566:  character represented by universal-character-name '\u0448' cannot be represented in the current code page (1252)
D:\laba5\laba5\laba5\laba5.cpp(64,12): warning C4566:  character represented by universal-character-name '\u0439' cannot be represented in the current code page (1252)
D:\laba5\laba5\laba5\laba5.cpp(64,12): warning C4566:  character represented by universal-character-name '\u044D' cannot be represented in the current code page (1252)
D:\laba5\laba5\laba5\laba5.cpp(64,12): warning C4566:  character represented by universal-character-name '\u0435' cannot be represented in the current code page (1252)
D:\laba5\laba5\laba5\laba5.cpp(64,12): warning C4566:  character represented by universal-character-name '\u043C' cannot be represented in the current code page (1252)
D:\laba5\laba5\laba5\laba5.cpp(64,12): warning C4566:  character represented by universal-character-name '\u043D' cannot be represented in the current code page (1252)
D:\laba5\laba5\laba5\laba5.cpp(64,12): warning C4566:  character represented by universal-character-name '\u0442' cannot be represented in the current code page (1252)
D:\laba5\laba5\laba5\laba5.cpp(64,12): warning C4566:  character represented by universal-character-name '\u0432' cannot be represented in the current code page (1252)
D:\laba5\laba5\laba5\laba5.cpp(64,12): warning C4566:  character represented by universal-character-name '\u0441' cannot be represented in the current code page (1252)
D:\laba5\laba5\laba5\laba5.cpp(71,11): warning C4566:  character represented by universal-character-name '\u0421' cannot be represented in the current code page (1252)
D:\laba5\laba5\laba5\laba5.cpp(71,11): warning C4566:  character represented by universal-character-name '\u0443' cannot be represented in the current code page (1252)
D:\laba5\laba5\laba5\laba5.cpp(71,11): warning C4566:  character represented by universal-character-name '\u043C' cannot be represented in the current code page (1252)
D:\laba5\laba5\laba5\laba5.cpp(71,11): warning C4566:  character represented by universal-character-name '\u0430' cannot be represented in the current code page (1252)
D:\laba5\laba5\laba5\laba5.cpp(71,11): warning C4566:  character represented by universal-character-name '\u044D' cannot be represented in the current code page (1252)
D:\laba5\laba5\laba5\laba5.cpp(71,11): warning C4566:  character represented by universal-character-name '\u043B' cannot be represented in the current code page (1252)
D:\laba5\laba5\laba5\laba5.cpp(71,11): warning C4566:  character represented by universal-character-name '\u0435' cannot be represented in the current code page (1252)
D:\laba5\laba5\laba5\laba5.cpp(71,11): warning C4566:  character represented by universal-character-name '\u043D' cannot be represented in the current code page (1252)
D:\laba5\laba5\laba5\laba5.cpp(71,11): warning C4566:  character represented by universal-character-name '\u0442' cannot be represented in the current code page (1252)
D:\laba5\laba5\laba5\laba5.cpp(71,11): warning C4566:  character represented by universal-character-name '\u043E' cannot be represented in the current code page (1252)
D:\laba5\laba5\laba5\laba5.cpp(71,11): warning C4566:  character represented by universal-character-name '\u0432' cannot be represented in the current code page (1252)
D:\laba5\laba5\laba5\laba5.cpp(71,11): warning C4566:  character represented by universal-character-name '\u0441' cannot be represented in the current code page (1252)
D:\laba5\laba5\laba5\laba5.cpp(71,11): warning C4566:  character represented by universal-character-name '\u0438' cannot be represented in the current code page (1252)
D:\laba5\laba5\laba5\laba5.cpp(71,11): warning C4566:  character represented by universal-character-name '\u0440' cannot be represented in the current code page (1252)
D:\laba5\laba5\laba5\laba5.cpp(71,11): warning C4566:  character represented by universal-character-name '\u043F' cannot be represented in the current code page (1252)
D:\laba5\laba5\laba5\laba5.cpp(71,11): warning C4566:  character represented by universal-character-name '\u0436' cannot be represented in the current code page (1252)
D:\laba5\laba5\laba5\laba5.cpp(71,11): warning C4566:  character represented by universal-character-name '\u044B' cannot be represented in the current code page (1252)
D:\laba5\laba5\laba5\laba5.cpp(71,11): warning C4566:  character represented by universal-character-name '\u0445' cannot be represented in the current code page (1252)
D:\laba5\laba5\laba5\laba5.cpp(71,11): warning C4566:  character represented by universal-character-name '\u0434' cannot be represented in the current code page (1252)
D:\laba5\laba5\laba5\laba5.cpp(71,11): warning C4566:  character represented by universal-character-name '\u043A' cannot be represented in the current code page (1252)
D:\laba5\laba5\laba5\laba5.cpp(71,11): warning C4566:  character represented by universal-character-name '\u044C' cannot be represented in the current code page (1252)
D:\laba5\laba5\laba5\laba5.cpp(71,11): warning C4566:  character represented by universal-character-name '\u0433' cannot be represented in the current code page (1252)
D:\laba5\laba5\laba5\laba5.cpp(78,11): warning C4566:  character represented by universal-character-name '\u0412' cannot be represented in the current code page (1252)
D:\laba5\laba5\laba5\laba5.cpp(78,11): warning C4566:  character represented by universal-character-name '\u0432' cannot be represented in the current code page (1252)
D:\laba5\laba5\laba5\laba5.cpp(78,11): warning C4566:  character represented by universal-character-name '\u0435' cannot be represented in the current code page (1252)
D:\laba5\laba5\laba5\laba5.cpp(78,11): warning C4566:  character represented by universal-character-name '\u0434' cannot be represented in the current code page (1252)
D:\laba5\laba5\laba5\laba5.cpp(78,11): warning C4566:  character represented by universal-character-name '\u0438' cannot be represented in the current code page (1252)
D:\laba5\laba5\laba5\laba5.cpp(78,11): warning C4566:  character represented by universal-character-name '\u0442' cannot be represented in the current code page (1252)
D:\laba5\laba5\laba5\laba5.cpp(78,44): warning C4566:  character represented by universal-character-name '\u0440' cannot be represented in the current code page (1252)
D:\laba5\laba5\laba5\laba5.cpp(78,44): warning C4566:  character represented by universal-character-name '\u0430' cannot be represented in the current code page (1252)
D:\laba5\laba5\laba5\laba5.cpp(78,44): warning C4566:  character represented by universal-character-name '\u0437' cannot be represented in the current code page (1252)
D:\laba5\laba5\laba5\laba5.cpp(78,44): warning C4566:  character represented by universal-character-name '\u043B' cannot be represented in the current code page (1252)
D:\laba5\laba5\laba5\laba5.cpp(78,44): warning C4566:  character represented by universal-character-name '\u0438' cannot be represented in the current code page (1252)
D:\laba5\laba5\laba5\laba5.cpp(78,44): warning C4566:  character represented by universal-character-name '\u0447' cannot be represented in the current code page (1252)
D:\laba5\laba5\laba5\laba5.cpp(78,44): warning C4566:  character represented by universal-character-name '\u043D' cannot be represented in the current code page (1252)
D:\laba5\laba5\laba5\laba5.cpp(78,44): warning C4566:  character represented by universal-character-name '\u044B' cannot be represented in the current code page (1252)
D:\laba5\laba5\laba5\laba5.cpp(78,44): warning C4566:  character represented by universal-character-name '\u0445' cannot be represented in the current code page (1252)
D:\laba5\laba5\laba5\laba5.cpp(78,44): warning C4566:  character represented by universal-character-name '\u044D' cannot be represented in the current code page (1252)
D:\laba5\laba5\laba5\laba5.cpp(78,44): warning C4566:  character represented by universal-character-name '\u0435' cannot be represented in the current code page (1252)
D:\laba5\laba5\laba5\laba5.cpp(78,44): warning C4566:  character represented by universal-character-name '\u043C' cannot be represented in the current code page (1252)
D:\laba5\laba5\laba5\laba5.cpp(78,44): warning C4566:  character represented by universal-character-name '\u0442' cannot be represented in the current code page (1252)
D:\laba5\laba5\laba5\laba5.cpp(78,44): warning C4566:  character represented by universal-character-name '\u043E' cannot be represented in the current code page (1252)
D:\laba5\laba5\laba5\laba5.cpp(78,44): warning C4566:  character represented by universal-character-name '\u0432' cannot be represented in the current code page (1252)
D:\laba5\laba5\laba5\laba5.cpp(78,44): warning C4566:  character represented by universal-character-name '\u0441' cannot be represented in the current code page (1252)
D:\laba5\laba5\laba5\laba5.cpp(78,44): warning C4566:  character represented by universal-character-name '\u0439' cannot be represented in the current code page (1252)
D:\laba5\laba5\laba5\laba5.cpp(96,11): warning C4566:  character represented by universal-character-name '\u041D' cannot be represented in the current code page (1252)
D:\laba5\laba5\laba5\laba5.cpp(96,11): warning C4566:  character represented by universal-character-name '\u0430' cannot be represented in the current code page (1252)
D:\laba5\laba5\laba5\laba5.cpp(96,11): warning C4566:  character represented by universal-character-name '\u0438' cannot be represented in the current code page (1252)
D:\laba5\laba5\laba5\laba5.cpp(96,11): warning C4566:  character represented by universal-character-name '\u0431' cannot be represented in the current code page (1252)
D:\laba5\laba5\laba5\laba5.cpp(96,11): warning C4566:  character represented by universal-character-name '\u043E' cannot be represented in the current code page (1252)
D:\laba5\laba5\laba5\laba5.cpp(96,11): warning C4566:  character represented by universal-character-name '\u043B' cannot be represented in the current code page (1252)
D:\laba5\laba5\laba5\laba5.cpp(96,11): warning C4566:  character represented by universal-character-name '\u044C' cannot be represented in the current code page (1252)
D:\laba5\laba5\laba5\laba5.cpp(96,11): warning C4566:  character represented by universal-character-name '\u0448' cannot be represented in the current code page (1252)
D:\laba5\laba5\laba5\laba5.cpp(96,11): warning C4566:  character represented by universal-character-name '\u0439' cannot be represented in the current code page (1252)
D:\laba5\laba5\laba5\laba5.cpp(96,11): warning C4566:  character represented by universal-character-name '\u044D' cannot be represented in the current code page (1252)
D:\laba5\laba5\laba5\laba5.cpp(96,11): warning C4566:  character represented by universal-character-name '\u0435' cannot be represented in the current code page (1252)
D:\laba5\laba5\laba5\laba5.cpp(96,11): warning C4566:  character represented by universal-character-name '\u043C' cannot be represented in the current code page (1252)
D:\laba5\laba5\laba5\laba5.cpp(96,11): warning C4566:  character represented by universal-character-name '\u043D' cannot be represented in the current code page (1252)
D:\laba5\laba5\laba5\laba5.cpp(96,11): warning C4566:  character represented by universal-character-name '\u0442' cannot be represented in the current code page (1252)
D:\laba5\laba5\laba5\laba5.cpp(96,11): warning C4566:  character represented by universal-character-name '\u0432' cannot be represented in the current code page (1252)
D:\laba5\laba5\laba5\laba5.cpp(96,11): warning C4566:  character represented by universal-character-name '\u0441' cannot be represented in the current code page (1252)
D:\laba5\laba5\laba5\laba5.cpp(103,11): warning C4566:  character represented by universal-character-name '\u0421' cannot be represented in the current code page (1252)
D:\laba5\laba5\laba5\laba5.cpp(103,11): warning C4566:  character represented by universal-character-name '\u0443' cannot be represented in the current code page (1252)
D:\laba5\laba5\laba5\laba5.cpp(103,11): warning C4566:  character represented by universal-character-name '\u043C' cannot be represented in the current code page (1252)
D:\laba5\laba5\laba5\laba5.cpp(103,11): warning C4566:  character represented by universal-character-name '\u0430' cannot be represented in the current code page (1252)
D:\laba5\laba5\laba5\laba5.cpp(103,11): warning C4566:  character represented by universal-character-name '\u044D' cannot be represented in the current code page (1252)
D:\laba5\laba5\laba5\laba5.cpp(103,11): warning C4566:  character represented by universal-character-name '\u043B' cannot be represented in the current code page (1252)
D:\laba5\laba5\laba5\laba5.cpp(103,11): warning C4566:  character represented by universal-character-name '\u0435' cannot be represented in the current code page (1252)
D:\laba5\laba5\laba5\laba5.cpp(103,11): warning C4566:  character represented by universal-character-name '\u043D' cannot be represented in the current code page (1252)
D:\laba5\laba5\laba5\laba5.cpp(103,11): warning C4566:  character represented by universal-character-name '\u0442' cannot be represented in the current code page (1252)
D:\laba5\laba5\laba5\laba5.cpp(103,11): warning C4566:  character represented by universal-character-name '\u043E' cannot be represented in the current code page (1252)
D:\laba5\laba5\laba5\laba5.cpp(103,11): warning C4566:  character represented by universal-character-name '\u0432' cannot be represented in the current code page (1252)
D:\laba5\laba5\laba5\laba5.cpp(103,11): warning C4566:  character represented by universal-character-name '\u0441' cannot be represented in the current code page (1252)
D:\laba5\laba5\laba5\laba5.cpp(103,11): warning C4566:  character represented by universal-character-name '\u0438' cannot be represented in the current code page (1252)
D:\laba5\laba5\laba5\laba5.cpp(103,11): warning C4566:  character represented by universal-character-name '\u0440' cannot be represented in the current code page (1252)
D:\laba5\laba5\laba5\laba5.cpp(103,11): warning C4566:  character represented by universal-character-name '\u043F' cannot be represented in the current code page (1252)
D:\laba5\laba5\laba5\laba5.cpp(103,11): warning C4566:  character represented by universal-character-name '\u0436' cannot be represented in the current code page (1252)
D:\laba5\laba5\laba5\laba5.cpp(103,11): warning C4566:  character represented by universal-character-name '\u044B' cannot be represented in the current code page (1252)
D:\laba5\laba5\laba5\laba5.cpp(103,11): warning C4566:  character represented by universal-character-name '\u0445' cannot be represented in the current code page (1252)
D:\laba5\laba5\laba5\laba5.cpp(103,11): warning C4566:  character represented by universal-character-name '\u0434' cannot be represented in the current code page (1252)
D:\laba5\laba5\laba5\laba5.cpp(103,11): warning C4566:  character represented by universal-character-name '\u043A' cannot be represented in the current code page (1252)
D:\laba5\laba5\laba5\laba5.cpp(103,11): warning C4566:  character represented by universal-character-name '\u044C' cannot be represented in the current code page (1252)
D:\laba5\laba5\laba5\laba5.cpp(103,11): warning C4566:  character represented by universal-character-name '\u0433' cannot be represented in the current code page (1252)
D:\laba5\laba5\laba5\laba5.cpp(110,10): warning C4566:  character represented by universal-character-name '\u0422' cannot be represented in the current code page (1252)
D:\laba5\laba5\laba5\laba5.cpp(110,10): warning C4566:  character represented by universal-character-name '\u0430' cannot be represented in the current code page (1252)
D:\laba5\laba5\laba5\laba5.cpp(110,10): warning C4566:  character represented by universal-character-name '\u043A' cannot be represented in the current code page (1252)
D:\laba5\laba5\laba5\laba5.cpp(110,10): warning C4566:  character represented by universal-character-name '\u043E' cannot be represented in the current code page (1252)
D:\laba5\laba5\laba5\laba5.cpp(110,10): warning C4566:  character represented by universal-character-name '\u0433' cannot be represented in the current code page (1252)
D:\laba5\laba5\laba5\laba5.cpp(110,10): warning C4566:  character represented by universal-character-name '\u0437' cannot be represented in the current code page (1252)
D:\laba5\laba5\laba5\laba5.cpp(110,10): warning C4566:  character represented by universal-character-name '\u043D' cannot be represented in the current code page (1252)
D:\laba5\laba5\laba5\laba5.cpp(110,10): warning C4566:  character represented by universal-character-name '\u0447' cannot be represented in the current code page (1252)
D:\laba5\laba5\laba5\laba5.cpp(110,10): warning C4566:  character represented by universal-character-name '\u0435' cannot be represented in the current code page (1252)
D:\laba5\laba5\laba5\laba5.cpp(110,10): warning C4566:  character represented by universal-character-name '\u0438' cannot be represented in the current code page (1252)
D:\laba5\laba5\laba5\laba5.cpp(110,10): warning C4566:  character represented by universal-character-name '\u044F' cannot be represented in the current code page (1252)
D:\laba5\laba5\laba5\laba5.cpp(110,10): warning C4566:  character represented by universal-character-name '\u0442' cannot be represented in the current code page (1252)
D:\laba5\laba5\laba5\laba5.cpp(110,10): warning C4566:  character represented by universal-character-name '\u041F' cannot be represented in the current code page (1252)
D:\laba5\laba5\laba5\laba5.cpp(110,10): warning C4566:  character represented by universal-character-name '\u043F' cannot be represented in the current code page (1252)
D:\laba5\laba5\laba5\laba5.cpp(110,10): warning C4566:  character represented by universal-character-name '\u0440' cannot be represented in the current code page (1252)
D:\laba5\laba5\laba5\laba5.cpp(110,10): warning C4566:  character represented by universal-character-name '\u0431' cannot be represented in the current code page (1252)
D:\laba5\laba5\laba5\laba5.cpp(110,10): warning C4566:  character represented by universal-character-name '\u0443' cannot be represented in the current code page (1252)
D:\laba5\laba5\laba5\laba5.cpp(110,10): warning C4566:  character represented by universal-character-name '\u0439' cannot be represented in the current code page (1252)
D:\laba5\laba5\laba5\laba5.cpp(110,10): warning C4566:  character represented by universal-character-name '\u0449' cannot be represented in the current code page (1252)
  laba5.vcxproj -> D:\laba5\laba5\Debug\laba5.exe
